[debug] [2018-10-26T11:29:22.239Z] ----------------------------------------------------------------------
[debug] [2018-10-26T11:29:22.239Z] Command:       C:\Program Files\nodejs\node.exe C:\Users\Office\AppData\Roaming\npm\node_modules\firebase-tools\bin\firebase serve --only hosting
[debug] [2018-10-26T11:29:22.239Z] CLI Version:   5.1.1
[debug] [2018-10-26T11:29:22.239Z] Platform:      win32
[debug] [2018-10-26T11:29:22.239Z] Node Version:  v8.11.1
[debug] [2018-10-26T11:29:22.239Z] Time:          Fri Oct 26 2018 16:59:22 GMT+0530 (India Standard Time)
[debug] [2018-10-26T11:29:22.239Z] ----------------------------------------------------------------------
[debug] 
[debug] [2018-10-26T11:29:22.255Z] > command requires scopes: ["email","openid","https://www.googleapis.com/auth/cloudplatformprojects.readonly","https://www.googleapis.com/auth/firebase","https://www.googleapis.com/auth/cloud-platform"]
[debug] [2018-10-26T11:29:22.255Z] > authorizing via signed-in user
[debug] [2018-10-26T11:29:22.255Z] [iam] checking project led1-bb4f2 for permissions ["firebase.projects.get"]
[debug] [2018-10-26T11:29:22.270Z] > refreshing access token with scopes: ["email","https://www.googleapis.com/auth/cloud-platform","https://www.googleapis.com/auth/cloudplatformprojects.readonly","https://www.googleapis.com/auth/firebase","openid"]
[debug] [2018-10-26T11:29:22.270Z] >>> HTTP REQUEST POST https://www.googleapis.com/oauth2/v3/token  
 <request body omitted>
[debug] [2018-10-26T11:29:22.442Z] <<< HTTP RESPONSE 200
[debug] [2018-10-26T11:29:22.543Z] >>> HTTP REQUEST POST https://cloudresourcemanager.googleapis.com/v1/projects/led1-bb4f2:testIamPermissions  

[debug] [2018-10-26T11:29:23.987Z] <<< HTTP RESPONSE 200
[debug] [2018-10-26T11:29:23.987Z] >>> HTTP REQUEST GET https://cloudresourcemanager.googleapis.com/v1/projects/led1-bb4f2  
 
[debug] [2018-10-26T11:29:25.381Z] <<< HTTP RESPONSE 200
[info] 
[info] === Serving from 'D:\Projects\Viswa\web app\Temperature-controller-web-app'...
[info] 
[debug] [2018-10-26T11:29:25.381Z] >>> HTTP REQUEST GET https://mobilesdk-pa.googleapis.com/v1/projects/792958638491/clients/_:getWebAppConfig  
 
[debug] [2018-10-26T11:29:25.915Z] <<< HTTP RESPONSE 200
[info] i  hosting: Serving hosting files from: ./
[info] +  hosting: Local server: http://localhost:5000
